2018-03-27 17:30:08,545  INFO Application:48 - Starting Application on DFT-PC with PID 10908 (D:\idea_workspace\Springboot-Learning\springboot_4_2_4_aopweb\target\classes started by dongfuting in D:\idea_workspace\Springboot-Learning\springboot_4_2_4_aopweb)
2018-03-27 17:30:08,546 DEBUG Application:51 - Running with Spring Boot v1.5.2.RELEASE, Spring v4.3.7.RELEASE
2018-03-27 17:30:08,547  INFO Application:637 - No active profile set, falling back to default profiles: default
2018-03-27 17:30:08,617  INFO AnnotationConfigEmbeddedWebApplicationContext:582 - Refreshing org.springframework.boot.context.embedded.AnnotationConfigEmbeddedWebApplicationContext@2de8284b: startup date [Tue Mar 27 17:30:08 CST 2018]; root of context hierarchy
2018-03-27 17:30:08,827  INFO Version:30 - HV000001: Hibernate Validator 5.3.4.Final
2018-03-27 17:30:09,468  INFO TomcatEmbeddedServletContainer:89 - Tomcat initialized with port(s): 8080 (http)
2018-03-27 17:30:09,544  INFO ContextLoader:276 - Root WebApplicationContext: initialization completed in 930 ms
2018-03-27 17:30:09,630  INFO ServletRegistrationBean:190 - Mapping servlet: 'dispatcherServlet' to [/]
2018-03-27 17:30:09,633  INFO FilterRegistrationBean:258 - Mapping filter: 'characterEncodingFilter' to: [/*]
2018-03-27 17:30:09,633  INFO FilterRegistrationBean:258 - Mapping filter: 'hiddenHttpMethodFilter' to: [/*]
2018-03-27 17:30:09,634  INFO FilterRegistrationBean:258 - Mapping filter: 'httpPutFormContentFilter' to: [/*]
2018-03-27 17:30:09,634  INFO FilterRegistrationBean:258 - Mapping filter: 'requestContextFilter' to: [/*]
2018-03-27 17:30:09,818  INFO RequestMappingHandlerAdapter:534 - Looking for @ControllerAdvice: org.springframework.boot.context.embedded.AnnotationConfigEmbeddedWebApplicationContext@2de8284b: startup date [Tue Mar 27 17:30:08 CST 2018]; root of context hierarchy
2018-03-27 17:30:09,873  INFO RequestMappingHandlerMapping:543 - Mapped "{[/hello],methods=[GET]}" onto public java.lang.String com.dft.web.HelloController.getHello()
2018-03-27 17:30:09,877  INFO RequestMappingHandlerMapping:543 - Mapped "{[/error]}" onto public org.springframework.http.ResponseEntity<java.util.Map<java.lang.String, java.lang.Object>> org.springframework.boot.autoconfigure.web.BasicErrorController.error(javax.servlet.http.HttpServletRequest)
2018-03-27 17:30:09,877  INFO RequestMappingHandlerMapping:543 - Mapped "{[/error],produces=[text/html]}" onto public org.springframework.web.servlet.ModelAndView org.springframework.boot.autoconfigure.web.BasicErrorController.errorHtml(javax.servlet.http.HttpServletRequest,javax.servlet.http.HttpServletResponse)
2018-03-27 17:30:09,902  INFO SimpleUrlHandlerMapping:362 - Mapped URL path [/webjars/**] onto handler of type [class org.springframework.web.servlet.resource.ResourceHttpRequestHandler]
2018-03-27 17:30:09,902  INFO SimpleUrlHandlerMapping:362 - Mapped URL path [/**] onto handler of type [class org.springframework.web.servlet.resource.ResourceHttpRequestHandler]
2018-03-27 17:30:09,933  INFO SimpleUrlHandlerMapping:362 - Mapped URL path [/**/favicon.ico] onto handler of type [class org.springframework.web.servlet.resource.ResourceHttpRequestHandler]
2018-03-27 17:30:10,050  INFO AnnotationMBeanExporter:431 - Registering beans for JMX exposure on startup
2018-03-27 17:30:10,091  INFO TomcatEmbeddedServletContainer:198 - Tomcat started on port(s): 8080 (http)
2018-03-27 17:30:10,094  INFO Application:57 - Started Application in 1.927 seconds (JVM running for 2.799)
2018-03-27 17:30:24,069  INFO DispatcherServlet:489 - FrameworkServlet 'dispatcherServlet': initialization started
2018-03-27 17:30:24,082  INFO DispatcherServlet:508 - FrameworkServlet 'dispatcherServlet': initialization completed in 13 ms
2018-03-27 17:31:01,467  INFO Application:48 - Starting Application on DFT-PC with PID 9068 (D:\idea_workspace\Springboot-Learning\springboot_4_2_4_aopweb\target\classes started by dongfuting in D:\idea_workspace\Springboot-Learning\springboot_4_2_4_aopweb)
2018-03-27 17:31:01,467 DEBUG Application:51 - Running with Spring Boot v1.5.2.RELEASE, Spring v4.3.7.RELEASE
2018-03-27 17:31:01,467  INFO Application:637 - No active profile set, falling back to default profiles: default
2018-03-27 17:31:01,517  INFO AnnotationConfigEmbeddedWebApplicationContext:582 - Refreshing org.springframework.boot.context.embedded.AnnotationConfigEmbeddedWebApplicationContext@2de8284b: startup date [Tue Mar 27 17:31:01 CST 2018]; root of context hierarchy
2018-03-27 17:31:01,637  INFO Version:30 - HV000001: Hibernate Validator 5.3.4.Final
2018-03-27 17:31:02,277  INFO TomcatEmbeddedServletContainer:89 - Tomcat initialized with port(s): 8080 (http)
2018-03-27 17:31:02,327  INFO ContextLoader:276 - Root WebApplicationContext: initialization completed in 820 ms
2018-03-27 17:31:02,407  INFO ServletRegistrationBean:190 - Mapping servlet: 'dispatcherServlet' to [/]
2018-03-27 17:31:02,407  INFO FilterRegistrationBean:258 - Mapping filter: 'characterEncodingFilter' to: [/*]
2018-03-27 17:31:02,407  INFO FilterRegistrationBean:258 - Mapping filter: 'hiddenHttpMethodFilter' to: [/*]
2018-03-27 17:31:02,407  INFO FilterRegistrationBean:258 - Mapping filter: 'httpPutFormContentFilter' to: [/*]
2018-03-27 17:31:02,407  INFO FilterRegistrationBean:258 - Mapping filter: 'requestContextFilter' to: [/*]
2018-03-27 17:31:02,567  INFO RequestMappingHandlerAdapter:534 - Looking for @ControllerAdvice: org.springframework.boot.context.embedded.AnnotationConfigEmbeddedWebApplicationContext@2de8284b: startup date [Tue Mar 27 17:31:01 CST 2018]; root of context hierarchy
2018-03-27 17:31:02,607  INFO RequestMappingHandlerMapping:543 - Mapped "{[/hello],methods=[GET]}" onto public java.lang.String com.dft.web.HelloController.getHello()
2018-03-27 17:31:02,607  INFO RequestMappingHandlerMapping:543 - Mapped "{[/error]}" onto public org.springframework.http.ResponseEntity<java.util.Map<java.lang.String, java.lang.Object>> org.springframework.boot.autoconfigure.web.BasicErrorController.error(javax.servlet.http.HttpServletRequest)
2018-03-27 17:31:02,607  INFO RequestMappingHandlerMapping:543 - Mapped "{[/error],produces=[text/html]}" onto public org.springframework.web.servlet.ModelAndView org.springframework.boot.autoconfigure.web.BasicErrorController.errorHtml(javax.servlet.http.HttpServletRequest,javax.servlet.http.HttpServletResponse)
2018-03-27 17:31:02,637  INFO SimpleUrlHandlerMapping:362 - Mapped URL path [/webjars/**] onto handler of type [class org.springframework.web.servlet.resource.ResourceHttpRequestHandler]
2018-03-27 17:31:02,637  INFO SimpleUrlHandlerMapping:362 - Mapped URL path [/**] onto handler of type [class org.springframework.web.servlet.resource.ResourceHttpRequestHandler]
2018-03-27 17:31:02,657  INFO SimpleUrlHandlerMapping:362 - Mapped URL path [/**/favicon.ico] onto handler of type [class org.springframework.web.servlet.resource.ResourceHttpRequestHandler]
2018-03-27 17:31:02,757  INFO AnnotationMBeanExporter:431 - Registering beans for JMX exposure on startup
2018-03-27 17:31:02,797  INFO TomcatEmbeddedServletContainer:198 - Tomcat started on port(s): 8080 (http)
2018-03-27 17:31:02,797  INFO Application:57 - Started Application in 1.48 seconds (JVM running for 2.103)
2018-03-27 17:31:08,475  INFO DispatcherServlet:489 - FrameworkServlet 'dispatcherServlet': initialization started
2018-03-27 17:31:08,485  INFO DispatcherServlet:508 - FrameworkServlet 'dispatcherServlet': initialization completed in 10 ms
2018-03-27 17:31:35,305  INFO Application:48 - Starting Application on DFT-PC with PID 8264 (D:\idea_workspace\Springboot-Learning\springboot_4_2_4_aopweb\target\classes started by dongfuting in D:\idea_workspace\Springboot-Learning\springboot_4_2_4_aopweb)
2018-03-27 17:31:35,307 DEBUG Application:51 - Running with Spring Boot v1.5.2.RELEASE, Spring v4.3.7.RELEASE
2018-03-27 17:31:35,307  INFO Application:637 - No active profile set, falling back to default profiles: default
2018-03-27 17:31:35,337  INFO AnnotationConfigEmbeddedWebApplicationContext:582 - Refreshing org.springframework.boot.context.embedded.AnnotationConfigEmbeddedWebApplicationContext@2de8284b: startup date [Tue Mar 27 17:31:35 CST 2018]; root of context hierarchy
2018-03-27 17:31:35,475  INFO Version:30 - HV000001: Hibernate Validator 5.3.4.Final
2018-03-27 17:31:36,035  INFO TomcatEmbeddedServletContainer:89 - Tomcat initialized with port(s): 8080 (http)
2018-03-27 17:31:36,093  INFO ContextLoader:276 - Root WebApplicationContext: initialization completed in 758 ms
2018-03-27 17:31:36,170  INFO ServletRegistrationBean:190 - Mapping servlet: 'dispatcherServlet' to [/]
2018-03-27 17:31:36,172  INFO FilterRegistrationBean:258 - Mapping filter: 'characterEncodingFilter' to: [/*]
2018-03-27 17:31:36,172  INFO FilterRegistrationBean:258 - Mapping filter: 'hiddenHttpMethodFilter' to: [/*]
2018-03-27 17:31:36,173  INFO FilterRegistrationBean:258 - Mapping filter: 'httpPutFormContentFilter' to: [/*]
2018-03-27 17:31:36,173  INFO FilterRegistrationBean:258 - Mapping filter: 'requestContextFilter' to: [/*]
2018-03-27 17:31:36,324  INFO RequestMappingHandlerAdapter:534 - Looking for @ControllerAdvice: org.springframework.boot.context.embedded.AnnotationConfigEmbeddedWebApplicationContext@2de8284b: startup date [Tue Mar 27 17:31:35 CST 2018]; root of context hierarchy
2018-03-27 17:31:36,358  INFO RequestMappingHandlerMapping:543 - Mapped "{[/hello],methods=[GET]}" onto public java.lang.String com.dft.web.HelloController.getHello()
2018-03-27 17:31:36,361  INFO RequestMappingHandlerMapping:543 - Mapped "{[/error]}" onto public org.springframework.http.ResponseEntity<java.util.Map<java.lang.String, java.lang.Object>> org.springframework.boot.autoconfigure.web.BasicErrorController.error(javax.servlet.http.HttpServletRequest)
2018-03-27 17:31:36,362  INFO RequestMappingHandlerMapping:543 - Mapped "{[/error],produces=[text/html]}" onto public org.springframework.web.servlet.ModelAndView org.springframework.boot.autoconfigure.web.BasicErrorController.errorHtml(javax.servlet.http.HttpServletRequest,javax.servlet.http.HttpServletResponse)
2018-03-27 17:31:36,379  INFO SimpleUrlHandlerMapping:362 - Mapped URL path [/webjars/**] onto handler of type [class org.springframework.web.servlet.resource.ResourceHttpRequestHandler]
2018-03-27 17:31:36,379  INFO SimpleUrlHandlerMapping:362 - Mapped URL path [/**] onto handler of type [class org.springframework.web.servlet.resource.ResourceHttpRequestHandler]
2018-03-27 17:31:36,399  INFO SimpleUrlHandlerMapping:362 - Mapped URL path [/**/favicon.ico] onto handler of type [class org.springframework.web.servlet.resource.ResourceHttpRequestHandler]
2018-03-27 17:31:36,476  INFO AnnotationMBeanExporter:431 - Registering beans for JMX exposure on startup
2018-03-27 17:31:36,504  INFO TomcatEmbeddedServletContainer:198 - Tomcat started on port(s): 8080 (http)
2018-03-27 17:31:36,507  INFO Application:57 - Started Application in 1.327 seconds (JVM running for 1.93)
2018-03-27 17:31:39,810  INFO DispatcherServlet:489 - FrameworkServlet 'dispatcherServlet': initialization started
2018-03-27 17:31:39,820  INFO DispatcherServlet:508 - FrameworkServlet 'dispatcherServlet': initialization completed in 10 ms
2018-03-27 17:32:19,624  INFO Application:48 - Starting Application on DFT-PC with PID 10596 (D:\idea_workspace\Springboot-Learning\springboot_4_2_4_aopweb\target\classes started by dongfuting in D:\idea_workspace\Springboot-Learning\springboot_4_2_4_aopweb)
2018-03-27 17:32:19,624 DEBUG Application:51 - Running with Spring Boot v1.5.2.RELEASE, Spring v4.3.7.RELEASE
2018-03-27 17:32:19,634  INFO Application:637 - No active profile set, falling back to default profiles: default
2018-03-27 17:32:19,664  INFO AnnotationConfigEmbeddedWebApplicationContext:582 - Refreshing org.springframework.boot.context.embedded.AnnotationConfigEmbeddedWebApplicationContext@2de8284b: startup date [Tue Mar 27 17:32:19 CST 2018]; root of context hierarchy
2018-03-27 17:32:19,804  INFO Version:30 - HV000001: Hibernate Validator 5.3.4.Final
2018-03-27 17:32:20,446  INFO TomcatEmbeddedServletContainer:89 - Tomcat initialized with port(s): 8080 (http)
2018-03-27 17:32:20,507  INFO ContextLoader:276 - Root WebApplicationContext: initialization completed in 853 ms
2018-03-27 17:32:20,584  INFO ServletRegistrationBean:190 - Mapping servlet: 'dispatcherServlet' to [/]
2018-03-27 17:32:20,587  INFO FilterRegistrationBean:258 - Mapping filter: 'characterEncodingFilter' to: [/*]
2018-03-27 17:32:20,587  INFO FilterRegistrationBean:258 - Mapping filter: 'hiddenHttpMethodFilter' to: [/*]
2018-03-27 17:32:20,587  INFO FilterRegistrationBean:258 - Mapping filter: 'httpPutFormContentFilter' to: [/*]
2018-03-27 17:32:20,588  INFO FilterRegistrationBean:258 - Mapping filter: 'requestContextFilter' to: [/*]
2018-03-27 17:32:20,744  INFO RequestMappingHandlerAdapter:534 - Looking for @ControllerAdvice: org.springframework.boot.context.embedded.AnnotationConfigEmbeddedWebApplicationContext@2de8284b: startup date [Tue Mar 27 17:32:19 CST 2018]; root of context hierarchy
2018-03-27 17:32:20,780  INFO RequestMappingHandlerMapping:543 - Mapped "{[/hello],methods=[GET]}" onto public java.lang.String com.dft.web.HelloController.getHello()
2018-03-27 17:32:20,784  INFO RequestMappingHandlerMapping:543 - Mapped "{[/error]}" onto public org.springframework.http.ResponseEntity<java.util.Map<java.lang.String, java.lang.Object>> org.springframework.boot.autoconfigure.web.BasicErrorController.error(javax.servlet.http.HttpServletRequest)
2018-03-27 17:32:20,784  INFO RequestMappingHandlerMapping:543 - Mapped "{[/error],produces=[text/html]}" onto public org.springframework.web.servlet.ModelAndView org.springframework.boot.autoconfigure.web.BasicErrorController.errorHtml(javax.servlet.http.HttpServletRequest,javax.servlet.http.HttpServletResponse)
2018-03-27 17:32:20,806  INFO SimpleUrlHandlerMapping:362 - Mapped URL path [/webjars/**] onto handler of type [class org.springframework.web.servlet.resource.ResourceHttpRequestHandler]
2018-03-27 17:32:20,806  INFO SimpleUrlHandlerMapping:362 - Mapped URL path [/**] onto handler of type [class org.springframework.web.servlet.resource.ResourceHttpRequestHandler]
2018-03-27 17:32:20,830  INFO SimpleUrlHandlerMapping:362 - Mapped URL path [/**/favicon.ico] onto handler of type [class org.springframework.web.servlet.resource.ResourceHttpRequestHandler]
2018-03-27 17:32:20,919  INFO AnnotationMBeanExporter:431 - Registering beans for JMX exposure on startup
2018-03-27 17:32:20,956  INFO TomcatEmbeddedServletContainer:198 - Tomcat started on port(s): 8080 (http)
2018-03-27 17:32:20,959  INFO Application:57 - Started Application in 1.465 seconds (JVM running for 2.082)
2018-03-27 17:32:24,934  INFO DispatcherServlet:489 - FrameworkServlet 'dispatcherServlet': initialization started
2018-03-27 17:32:24,947  INFO DispatcherServlet:508 - FrameworkServlet 'dispatcherServlet': initialization completed in 12 ms
2018-03-27 17:32:47,820  INFO Application:48 - Starting Application on DFT-PC with PID 3700 (D:\idea_workspace\Springboot-Learning\springboot_4_2_4_aopweb\target\classes started by dongfuting in D:\idea_workspace\Springboot-Learning\springboot_4_2_4_aopweb)
2018-03-27 17:32:47,820 DEBUG Application:51 - Running with Spring Boot v1.5.2.RELEASE, Spring v4.3.7.RELEASE
2018-03-27 17:32:47,820  INFO Application:637 - No active profile set, falling back to default profiles: default
2018-03-27 17:32:47,850  INFO AnnotationConfigEmbeddedWebApplicationContext:582 - Refreshing org.springframework.boot.context.embedded.AnnotationConfigEmbeddedWebApplicationContext@2de8284b: startup date [Tue Mar 27 17:32:47 CST 2018]; root of context hierarchy
2018-03-27 17:32:48,000  INFO Version:30 - HV000001: Hibernate Validator 5.3.4.Final
2018-03-27 17:32:48,610  INFO TomcatEmbeddedServletContainer:89 - Tomcat initialized with port(s): 8080 (http)
2018-03-27 17:32:48,670  INFO ContextLoader:276 - Root WebApplicationContext: initialization completed in 820 ms
2018-03-27 17:32:48,750  INFO ServletRegistrationBean:190 - Mapping servlet: 'dispatcherServlet' to [/]
2018-03-27 17:32:48,750  INFO FilterRegistrationBean:258 - Mapping filter: 'characterEncodingFilter' to: [/*]
2018-03-27 17:32:48,750  INFO FilterRegistrationBean:258 - Mapping filter: 'hiddenHttpMethodFilter' to: [/*]
2018-03-27 17:32:48,750  INFO FilterRegistrationBean:258 - Mapping filter: 'httpPutFormContentFilter' to: [/*]
2018-03-27 17:32:48,750  INFO FilterRegistrationBean:258 - Mapping filter: 'requestContextFilter' to: [/*]
2018-03-27 17:32:48,900  INFO RequestMappingHandlerAdapter:534 - Looking for @ControllerAdvice: org.springframework.boot.context.embedded.AnnotationConfigEmbeddedWebApplicationContext@2de8284b: startup date [Tue Mar 27 17:32:47 CST 2018]; root of context hierarchy
2018-03-27 17:32:48,940  INFO RequestMappingHandlerMapping:543 - Mapped "{[/hello],methods=[GET]}" onto public java.lang.String com.dft.web.HelloController.hello(java.lang.String)
2018-03-27 17:32:48,940  INFO RequestMappingHandlerMapping:543 - Mapped "{[/error]}" onto public org.springframework.http.ResponseEntity<java.util.Map<java.lang.String, java.lang.Object>> org.springframework.boot.autoconfigure.web.BasicErrorController.error(javax.servlet.http.HttpServletRequest)
2018-03-27 17:32:48,940  INFO RequestMappingHandlerMapping:543 - Mapped "{[/error],produces=[text/html]}" onto public org.springframework.web.servlet.ModelAndView org.springframework.boot.autoconfigure.web.BasicErrorController.errorHtml(javax.servlet.http.HttpServletRequest,javax.servlet.http.HttpServletResponse)
2018-03-27 17:32:48,970  INFO SimpleUrlHandlerMapping:362 - Mapped URL path [/webjars/**] onto handler of type [class org.springframework.web.servlet.resource.ResourceHttpRequestHandler]
2018-03-27 17:32:48,970  INFO SimpleUrlHandlerMapping:362 - Mapped URL path [/**] onto handler of type [class org.springframework.web.servlet.resource.ResourceHttpRequestHandler]
2018-03-27 17:32:48,990  INFO SimpleUrlHandlerMapping:362 - Mapped URL path [/**/favicon.ico] onto handler of type [class org.springframework.web.servlet.resource.ResourceHttpRequestHandler]
2018-03-27 17:32:49,070  INFO AnnotationMBeanExporter:431 - Registering beans for JMX exposure on startup
2018-03-27 17:32:49,100  INFO TomcatEmbeddedServletContainer:198 - Tomcat started on port(s): 8080 (http)
2018-03-27 17:32:49,110  INFO Application:57 - Started Application in 1.44 seconds (JVM running for 2.053)
2018-03-27 17:32:55,759  INFO DispatcherServlet:489 - FrameworkServlet 'dispatcherServlet': initialization started
2018-03-27 17:32:55,770  INFO DispatcherServlet:508 - FrameworkServlet 'dispatcherServlet': initialization completed in 11 ms
2018-03-27 18:05:04,215  WARN PageNotFound:215 - Request method 'POST' not supported
2018-03-27 18:05:17,748  INFO Application:48 - Starting Application on DFT-PC with PID 1536 (D:\idea_workspace\Springboot-Learning\springboot_4_2_4_aopweb\target\classes started by dongfuting in D:\idea_workspace\Springboot-Learning\springboot_4_2_4_aopweb)
2018-03-27 18:05:17,754 DEBUG Application:51 - Running with Spring Boot v1.5.2.RELEASE, Spring v4.3.7.RELEASE
2018-03-27 18:05:17,755  INFO Application:637 - No active profile set, falling back to default profiles: default
2018-03-27 18:05:17,801  INFO AnnotationConfigEmbeddedWebApplicationContext:582 - Refreshing org.springframework.boot.context.embedded.AnnotationConfigEmbeddedWebApplicationContext@7e0e6aa2: startup date [Tue Mar 27 18:05:17 CST 2018]; root of context hierarchy
2018-03-27 18:05:17,977  INFO Version:30 - HV000001: Hibernate Validator 5.3.4.Final
2018-03-27 18:05:18,511  INFO TomcatEmbeddedServletContainer:89 - Tomcat initialized with port(s): 8080 (http)
2018-03-27 18:05:18,570  INFO ContextLoader:276 - Root WebApplicationContext: initialization completed in 772 ms
2018-03-27 18:05:18,652  INFO ServletRegistrationBean:190 - Mapping servlet: 'dispatcherServlet' to [/]
2018-03-27 18:05:18,654  INFO FilterRegistrationBean:258 - Mapping filter: 'characterEncodingFilter' to: [/*]
2018-03-27 18:05:18,655  INFO FilterRegistrationBean:258 - Mapping filter: 'hiddenHttpMethodFilter' to: [/*]
2018-03-27 18:05:18,655  INFO FilterRegistrationBean:258 - Mapping filter: 'httpPutFormContentFilter' to: [/*]
2018-03-27 18:05:18,655  INFO FilterRegistrationBean:258 - Mapping filter: 'requestContextFilter' to: [/*]
2018-03-27 18:05:18,812  INFO RequestMappingHandlerAdapter:534 - Looking for @ControllerAdvice: org.springframework.boot.context.embedded.AnnotationConfigEmbeddedWebApplicationContext@7e0e6aa2: startup date [Tue Mar 27 18:05:17 CST 2018]; root of context hierarchy
2018-03-27 18:05:18,847  INFO RequestMappingHandlerMapping:543 - Mapped "{[/hello],methods=[POST]}" onto public java.lang.String com.dft.web.HelloController.hello(java.lang.String)
2018-03-27 18:05:18,849  INFO RequestMappingHandlerMapping:543 - Mapped "{[/error]}" onto public org.springframework.http.ResponseEntity<java.util.Map<java.lang.String, java.lang.Object>> org.springframework.boot.autoconfigure.web.BasicErrorController.error(javax.servlet.http.HttpServletRequest)
2018-03-27 18:05:18,850  INFO RequestMappingHandlerMapping:543 - Mapped "{[/error],produces=[text/html]}" onto public org.springframework.web.servlet.ModelAndView org.springframework.boot.autoconfigure.web.BasicErrorController.errorHtml(javax.servlet.http.HttpServletRequest,javax.servlet.http.HttpServletResponse)
2018-03-27 18:05:18,870  INFO SimpleUrlHandlerMapping:362 - Mapped URL path [/webjars/**] onto handler of type [class org.springframework.web.servlet.resource.ResourceHttpRequestHandler]
2018-03-27 18:05:18,871  INFO SimpleUrlHandlerMapping:362 - Mapped URL path [/**] onto handler of type [class org.springframework.web.servlet.resource.ResourceHttpRequestHandler]
2018-03-27 18:05:18,894  INFO SimpleUrlHandlerMapping:362 - Mapped URL path [/**/favicon.ico] onto handler of type [class org.springframework.web.servlet.resource.ResourceHttpRequestHandler]
2018-03-27 18:05:18,980  INFO AnnotationMBeanExporter:431 - Registering beans for JMX exposure on startup
2018-03-27 18:05:19,017  INFO TomcatEmbeddedServletContainer:198 - Tomcat started on port(s): 8080 (http)
2018-03-27 18:05:19,020  INFO Application:57 - Started Application in 1.425 seconds (JVM running for 2.038)
2018-03-27 18:05:22,193  INFO DispatcherServlet:489 - FrameworkServlet 'dispatcherServlet': initialization started
2018-03-27 18:05:22,204  INFO DispatcherServlet:508 - FrameworkServlet 'dispatcherServlet': initialization completed in 11 ms
2018-03-27 18:05:54,266  INFO Application:48 - Starting Application on DFT-PC with PID 11648 (D:\idea_workspace\Springboot-Learning\springboot_4_2_4_aopweb\target\classes started by dongfuting in D:\idea_workspace\Springboot-Learning\springboot_4_2_4_aopweb)
2018-03-27 18:05:54,268 DEBUG Application:51 - Running with Spring Boot v1.5.2.RELEASE, Spring v4.3.7.RELEASE
2018-03-27 18:05:54,269  INFO Application:637 - No active profile set, falling back to default profiles: default
2018-03-27 18:05:54,305  INFO AnnotationConfigEmbeddedWebApplicationContext:582 - Refreshing org.springframework.boot.context.embedded.AnnotationConfigEmbeddedWebApplicationContext@7e0e6aa2: startup date [Tue Mar 27 18:05:54 CST 2018]; root of context hierarchy
2018-03-27 18:05:54,453  INFO Version:30 - HV000001: Hibernate Validator 5.3.4.Final
2018-03-27 18:05:55,123  INFO TomcatEmbeddedServletContainer:89 - Tomcat initialized with port(s): 8080 (http)
2018-03-27 18:05:55,183  INFO ContextLoader:276 - Root WebApplicationContext: initialization completed in 880 ms
2018-03-27 18:05:55,261  INFO ServletRegistrationBean:190 - Mapping servlet: 'dispatcherServlet' to [/]
2018-03-27 18:05:55,264  INFO FilterRegistrationBean:258 - Mapping filter: 'characterEncodingFilter' to: [/*]
2018-03-27 18:05:55,264  INFO FilterRegistrationBean:258 - Mapping filter: 'hiddenHttpMethodFilter' to: [/*]
2018-03-27 18:05:55,265  INFO FilterRegistrationBean:258 - Mapping filter: 'httpPutFormContentFilter' to: [/*]
2018-03-27 18:05:55,265  INFO FilterRegistrationBean:258 - Mapping filter: 'requestContextFilter' to: [/*]
2018-03-27 18:05:55,448  INFO RequestMappingHandlerAdapter:534 - Looking for @ControllerAdvice: org.springframework.boot.context.embedded.AnnotationConfigEmbeddedWebApplicationContext@7e0e6aa2: startup date [Tue Mar 27 18:05:54 CST 2018]; root of context hierarchy
2018-03-27 18:05:55,486  INFO RequestMappingHandlerMapping:543 - Mapped "{[/hello],methods=[GET]}" onto public java.lang.String com.dft.web.HelloController.hello()
2018-03-27 18:05:55,488  INFO RequestMappingHandlerMapping:543 - Mapped "{[/hello],methods=[POST]}" onto public java.lang.String com.dft.web.HelloController.hello(java.lang.String)
2018-03-27 18:05:55,491  INFO RequestMappingHandlerMapping:543 - Mapped "{[/error]}" onto public org.springframework.http.ResponseEntity<java.util.Map<java.lang.String, java.lang.Object>> org.springframework.boot.autoconfigure.web.BasicErrorController.error(javax.servlet.http.HttpServletRequest)
2018-03-27 18:05:55,491  INFO RequestMappingHandlerMapping:543 - Mapped "{[/error],produces=[text/html]}" onto public org.springframework.web.servlet.ModelAndView org.springframework.boot.autoconfigure.web.BasicErrorController.errorHtml(javax.servlet.http.HttpServletRequest,javax.servlet.http.HttpServletResponse)
2018-03-27 18:05:55,512  INFO SimpleUrlHandlerMapping:362 - Mapped URL path [/webjars/**] onto handler of type [class org.springframework.web.servlet.resource.ResourceHttpRequestHandler]
2018-03-27 18:05:55,512  INFO SimpleUrlHandlerMapping:362 - Mapped URL path [/**] onto handler of type [class org.springframework.web.servlet.resource.ResourceHttpRequestHandler]
2018-03-27 18:05:55,538  INFO SimpleUrlHandlerMapping:362 - Mapped URL path [/**/favicon.ico] onto handler of type [class org.springframework.web.servlet.resource.ResourceHttpRequestHandler]
2018-03-27 18:05:55,634  INFO AnnotationMBeanExporter:431 - Registering beans for JMX exposure on startup
2018-03-27 18:05:55,681  INFO TomcatEmbeddedServletContainer:198 - Tomcat started on port(s): 8080 (http)
2018-03-27 18:05:55,684  INFO Application:57 - Started Application in 1.565 seconds (JVM running for 2.247)
2018-03-27 18:06:03,159  INFO DispatcherServlet:489 - FrameworkServlet 'dispatcherServlet': initialization started
2018-03-27 18:06:03,170  INFO DispatcherServlet:508 - FrameworkServlet 'dispatcherServlet': initialization completed in 11 ms
2018-03-27 21:37:13,579  INFO Application:48 - Starting Application on DFT-PC with PID 9676 (D:\idea_workspace\Springboot-Learning\springboot_4_2_4_aopweb\target\classes started by dongfuting in D:\idea_workspace\Springboot-Learning\springboot_4_2_4_aopweb)
2018-03-27 21:37:13,580 DEBUG Application:51 - Running with Spring Boot v1.5.2.RELEASE, Spring v4.3.7.RELEASE
2018-03-27 21:37:13,581  INFO Application:637 - No active profile set, falling back to default profiles: default
2018-03-27 21:37:13,617  INFO AnnotationConfigEmbeddedWebApplicationContext:582 - Refreshing org.springframework.boot.context.embedded.AnnotationConfigEmbeddedWebApplicationContext@7e0e6aa2: startup date [Tue Mar 27 21:37:13 CST 2018]; root of context hierarchy
2018-03-27 21:37:13,769  INFO Version:30 - HV000001: Hibernate Validator 5.3.4.Final
2018-03-27 21:37:14,358  WARN AnnotationConfigEmbeddedWebApplicationContext:550 - Exception encountered during context initialization - cancelling refresh attempt: org.springframework.beans.factory.BeanCreationException: Error creating bean with name 'embeddedServletContainerCustomizerBeanPostProcessor': Initialization of bean failed; nested exception is java.lang.IllegalArgumentException: error at ::0 can't find referenced pointcut WebLog
2018-03-27 21:37:14,358 ERROR DefaultListableBeanFactory:581 - Destroy method on bean with name 'org.springframework.boot.context.properties.ConfigurationPropertiesBindingPostProcessor' threw an exception
java.lang.IllegalStateException: ApplicationEventMulticaster not initialized - call 'refresh' before multicasting events via the context: org.springframework.boot.context.embedded.AnnotationConfigEmbeddedWebApplicationContext@7e0e6aa2: startup date [Tue Mar 27 21:37:13 CST 2018]; root of context hierarchy
	at org.springframework.context.support.AbstractApplicationContext.getApplicationEventMulticaster(AbstractApplicationContext.java:404)
	at org.springframework.context.support.ApplicationListenerDetector.postProcessBeforeDestruction(ApplicationListenerDetector.java:97)
	at org.springframework.beans.factory.support.DisposableBeanAdapter.destroy(DisposableBeanAdapter.java:253)
	at org.springframework.beans.factory.support.DefaultSingletonBeanRegistry.destroyBean(DefaultSingletonBeanRegistry.java:578)
	at org.springframework.beans.factory.support.DefaultSingletonBeanRegistry.destroySingleton(DefaultSingletonBeanRegistry.java:554)
	at org.springframework.beans.factory.support.DefaultListableBeanFactory.destroySingleton(DefaultListableBeanFactory.java:961)
	at org.springframework.beans.factory.support.DefaultSingletonBeanRegistry.destroySingletons(DefaultSingletonBeanRegistry.java:523)
	at org.springframework.beans.factory.support.DefaultListableBeanFactory.destroySingletons(DefaultListableBeanFactory.java:968)
	at org.springframework.context.support.AbstractApplicationContext.destroyBeans(AbstractApplicationContext.java:1033)
	at org.springframework.context.support.AbstractApplicationContext.refresh(AbstractApplicationContext.java:555)
	at org.springframework.boot.context.embedded.EmbeddedWebApplicationContext.refresh(EmbeddedWebApplicationContext.java:122)
	at org.springframework.boot.SpringApplication.refresh(SpringApplication.java:737)
	at org.springframework.boot.SpringApplication.refreshContext(SpringApplication.java:370)
	at org.springframework.boot.SpringApplication.run(SpringApplication.java:314)
	at org.springframework.boot.SpringApplication.run(SpringApplication.java:1162)
	at org.springframework.boot.SpringApplication.run(SpringApplication.java:1151)
	at com.dft.Application.main(Application.java:14)
2018-03-27 21:37:14,361 ERROR DefaultListableBeanFactory:581 - Destroy method on bean with name 'org.springframework.boot.autoconfigure.internalCachingMetadataReaderFactory' threw an exception
java.lang.IllegalStateException: ApplicationEventMulticaster not initialized - call 'refresh' before multicasting events via the context: org.springframework.boot.context.embedded.AnnotationConfigEmbeddedWebApplicationContext@7e0e6aa2: startup date [Tue Mar 27 21:37:13 CST 2018]; root of context hierarchy
	at org.springframework.context.support.AbstractApplicationContext.getApplicationEventMulticaster(AbstractApplicationContext.java:404)
	at org.springframework.context.support.ApplicationListenerDetector.postProcessBeforeDestruction(ApplicationListenerDetector.java:97)
	at org.springframework.beans.factory.support.DisposableBeanAdapter.destroy(DisposableBeanAdapter.java:253)
	at org.springframework.beans.factory.support.DefaultSingletonBeanRegistry.destroyBean(DefaultSingletonBeanRegistry.java:578)
	at org.springframework.beans.factory.support.DefaultSingletonBeanRegistry.destroySingleton(DefaultSingletonBeanRegistry.java:554)
	at org.springframework.beans.factory.support.DefaultListableBeanFactory.destroySingleton(DefaultListableBeanFactory.java:961)
	at org.springframework.beans.factory.support.DefaultSingletonBeanRegistry.destroySingletons(DefaultSingletonBeanRegistry.java:523)
	at org.springframework.beans.factory.support.DefaultListableBeanFactory.destroySingletons(DefaultListableBeanFactory.java:968)
	at org.springframework.context.support.AbstractApplicationContext.destroyBeans(AbstractApplicationContext.java:1033)
	at org.springframework.context.support.AbstractApplicationContext.refresh(AbstractApplicationContext.java:555)
	at org.springframework.boot.context.embedded.EmbeddedWebApplicationContext.refresh(EmbeddedWebApplicationContext.java:122)
	at org.springframework.boot.SpringApplication.refresh(SpringApplication.java:737)
	at org.springframework.boot.SpringApplication.refreshContext(SpringApplication.java:370)
	at org.springframework.boot.SpringApplication.run(SpringApplication.java:314)
	at org.springframework.boot.SpringApplication.run(SpringApplication.java:1162)
	at org.springframework.boot.SpringApplication.run(SpringApplication.java:1151)
	at com.dft.Application.main(Application.java:14)
2018-03-27 21:37:14,368 ERROR SpringApplication:815 - Application startup failed
org.springframework.beans.factory.BeanCreationException: Error creating bean with name 'embeddedServletContainerCustomizerBeanPostProcessor': Initialization of bean failed; nested exception is java.lang.IllegalArgumentException: error at ::0 can't find referenced pointcut WebLog
	at org.springframework.beans.factory.support.AbstractAutowireCapableBeanFactory.doCreateBean(AbstractAutowireCapableBeanFactory.java:564)
	at org.springframework.beans.factory.support.AbstractAutowireCapableBeanFactory.createBean(AbstractAutowireCapableBeanFactory.java:483)
	at org.springframework.beans.factory.support.AbstractBeanFactory$1.getObject(AbstractBeanFactory.java:306)
	at org.springframework.beans.factory.support.DefaultSingletonBeanRegistry.getSingleton(DefaultSingletonBeanRegistry.java:230)
	at org.springframework.beans.factory.support.AbstractBeanFactory.doGetBean(AbstractBeanFactory.java:302)
	at org.springframework.beans.factory.support.AbstractBeanFactory.getBean(AbstractBeanFactory.java:202)
	at org.springframework.context.support.PostProcessorRegistrationDelegate.registerBeanPostProcessors(PostProcessorRegistrationDelegate.java:235)
	at org.springframework.context.support.AbstractApplicationContext.registerBeanPostProcessors(AbstractApplicationContext.java:702)
	at org.springframework.context.support.AbstractApplicationContext.refresh(AbstractApplicationContext.java:527)
	at org.springframework.boot.context.embedded.EmbeddedWebApplicationContext.refresh(EmbeddedWebApplicationContext.java:122)
	at org.springframework.boot.SpringApplication.refresh(SpringApplication.java:737)
	at org.springframework.boot.SpringApplication.refreshContext(SpringApplication.java:370)
	at org.springframework.boot.SpringApplication.run(SpringApplication.java:314)
	at org.springframework.boot.SpringApplication.run(SpringApplication.java:1162)
	at org.springframework.boot.SpringApplication.run(SpringApplication.java:1151)
	at com.dft.Application.main(Application.java:14)
Caused by: java.lang.IllegalArgumentException: error at ::0 can't find referenced pointcut WebLog
	at org.aspectj.weaver.tools.PointcutParser.parsePointcutExpression(PointcutParser.java:301)
	at org.springframework.aop.aspectj.AspectJExpressionPointcut.buildPointcutExpression(AspectJExpressionPointcut.java:217)
	at org.springframework.aop.aspectj.AspectJExpressionPointcut.checkReadyToMatch(AspectJExpressionPointcut.java:190)
	at org.springframework.aop.aspectj.AspectJExpressionPointcut.getClassFilter(AspectJExpressionPointcut.java:169)
	at org.springframework.aop.support.AopUtils.canApply(AopUtils.java:220)
	at org.springframework.aop.support.AopUtils.canApply(AopUtils.java:279)
	at org.springframework.aop.support.AopUtils.findAdvisorsThatCanApply(AopUtils.java:311)
	at org.springframework.aop.framework.autoproxy.AbstractAdvisorAutoProxyCreator.findAdvisorsThatCanApply(AbstractAdvisorAutoProxyCreator.java:119)
	at org.springframework.aop.framework.autoproxy.AbstractAdvisorAutoProxyCreator.findEligibleAdvisors(AbstractAdvisorAutoProxyCreator.java:89)
	at org.springframework.aop.framework.autoproxy.AbstractAdvisorAutoProxyCreator.getAdvicesAndAdvisorsForBean(AbstractAdvisorAutoProxyCreator.java:70)
	at org.springframework.aop.framework.autoproxy.AbstractAutoProxyCreator.wrapIfNecessary(AbstractAutoProxyCreator.java:346)
	at org.springframework.aop.framework.autoproxy.AbstractAutoProxyCreator.postProcessAfterInitialization(AbstractAutoProxyCreator.java:298)
	at org.springframework.beans.factory.support.AbstractAutowireCapableBeanFactory.applyBeanPostProcessorsAfterInitialization(AbstractAutowireCapableBeanFactory.java:423)
	at org.springframework.beans.factory.support.AbstractAutowireCapableBeanFactory.initializeBean(AbstractAutowireCapableBeanFactory.java:1633)
	at org.springframework.beans.factory.support.AbstractAutowireCapableBeanFactory.doCreateBean(AbstractAutowireCapableBeanFactory.java:555)
	... 15 more
2018-03-27 21:37:57,767  INFO Application:48 - Starting Application on DFT-PC with PID 5080 (D:\idea_workspace\Springboot-Learning\springboot_4_2_4_aopweb\target\classes started by dongfuting in D:\idea_workspace\Springboot-Learning\springboot_4_2_4_aopweb)
2018-03-27 21:37:57,769 DEBUG Application:51 - Running with Spring Boot v1.5.2.RELEASE, Spring v4.3.7.RELEASE
2018-03-27 21:37:57,769  INFO Application:637 - No active profile set, falling back to default profiles: default
2018-03-27 21:37:57,814  INFO AnnotationConfigEmbeddedWebApplicationContext:582 - Refreshing org.springframework.boot.context.embedded.AnnotationConfigEmbeddedWebApplicationContext@7e0e6aa2: startup date [Tue Mar 27 21:37:57 CST 2018]; root of context hierarchy
2018-03-27 21:37:57,936  INFO Version:30 - HV000001: Hibernate Validator 5.3.4.Final
2018-03-27 21:37:58,707  INFO TomcatEmbeddedServletContainer:89 - Tomcat initialized with port(s): 8080 (http)
2018-03-27 21:37:58,770  INFO ContextLoader:276 - Root WebApplicationContext: initialization completed in 969 ms
2018-03-27 21:37:58,868  INFO ServletRegistrationBean:190 - Mapping servlet: 'dispatcherServlet' to [/]
2018-03-27 21:37:58,870  INFO FilterRegistrationBean:258 - Mapping filter: 'characterEncodingFilter' to: [/*]
2018-03-27 21:37:58,871  INFO FilterRegistrationBean:258 - Mapping filter: 'hiddenHttpMethodFilter' to: [/*]
2018-03-27 21:37:58,871  INFO FilterRegistrationBean:258 - Mapping filter: 'httpPutFormContentFilter' to: [/*]
2018-03-27 21:37:58,871  INFO FilterRegistrationBean:258 - Mapping filter: 'requestContextFilter' to: [/*]
2018-03-27 21:37:59,146  INFO RequestMappingHandlerAdapter:534 - Looking for @ControllerAdvice: org.springframework.boot.context.embedded.AnnotationConfigEmbeddedWebApplicationContext@7e0e6aa2: startup date [Tue Mar 27 21:37:57 CST 2018]; root of context hierarchy
2018-03-27 21:37:59,183  INFO RequestMappingHandlerMapping:543 - Mapped "{[/hello],methods=[GET]}" onto public java.lang.String com.dft.web.HelloController.hello()
2018-03-27 21:37:59,184  INFO RequestMappingHandlerMapping:543 - Mapped "{[/hello],methods=[POST]}" onto public java.lang.String com.dft.web.HelloController.hello(java.lang.String)
2018-03-27 21:37:59,187  INFO RequestMappingHandlerMapping:543 - Mapped "{[/error]}" onto public org.springframework.http.ResponseEntity<java.util.Map<java.lang.String, java.lang.Object>> org.springframework.boot.autoconfigure.web.BasicErrorController.error(javax.servlet.http.HttpServletRequest)
2018-03-27 21:37:59,188  INFO RequestMappingHandlerMapping:543 - Mapped "{[/error],produces=[text/html]}" onto public org.springframework.web.servlet.ModelAndView org.springframework.boot.autoconfigure.web.BasicErrorController.errorHtml(javax.servlet.http.HttpServletRequest,javax.servlet.http.HttpServletResponse)
2018-03-27 21:37:59,214  INFO SimpleUrlHandlerMapping:362 - Mapped URL path [/webjars/**] onto handler of type [class org.springframework.web.servlet.resource.ResourceHttpRequestHandler]
2018-03-27 21:37:59,215  INFO SimpleUrlHandlerMapping:362 - Mapped URL path [/**] onto handler of type [class org.springframework.web.servlet.resource.ResourceHttpRequestHandler]
2018-03-27 21:37:59,241  INFO SimpleUrlHandlerMapping:362 - Mapped URL path [/**/favicon.ico] onto handler of type [class org.springframework.web.servlet.resource.ResourceHttpRequestHandler]
2018-03-27 21:37:59,335  INFO AnnotationMBeanExporter:431 - Registering beans for JMX exposure on startup
2018-03-27 21:37:59,366  INFO TomcatEmbeddedServletContainer:198 - Tomcat started on port(s): 8080 (http)
2018-03-27 21:37:59,369  INFO Application:57 - Started Application in 1.729 seconds (JVM running for 2.309)
2018-03-27 21:38:06,318  INFO DispatcherServlet:489 - FrameworkServlet 'dispatcherServlet': initialization started
2018-03-27 21:38:06,332  INFO DispatcherServlet:508 - FrameworkServlet 'dispatcherServlet': initialization completed in 13 ms
2018-03-27 21:38:06,360  INFO WebLogAspect:44 - URL: http://localhost:8080/hello
2018-03-27 21:38:06,361  INFO WebLogAspect:45 - HTTP_METHOD : POST
2018-03-27 21:38:06,361  INFO WebLogAspect:46 - IP : 0:0:0:0:0:0:0:1
2018-03-27 21:38:06,363  INFO WebLogAspect:47 - CLASS_METHOD : com.dft.web.HelloController.hello
2018-03-27 21:38:06,364  INFO WebLogAspect:49 - ARGS : [王尼玛]
2018-03-27 21:38:06,367  INFO WebLogAspect:56 - RESPONSE : Hello 王尼玛
2018-03-27 21:38:24,810  INFO WebLogAspect:44 - URL: http://localhost:8080/hello
2018-03-27 21:38:24,811  INFO WebLogAspect:45 - HTTP_METHOD : GET
2018-03-27 21:38:24,811  INFO WebLogAspect:46 - IP : 0:0:0:0:0:0:0:1
2018-03-27 21:38:24,813  INFO WebLogAspect:47 - CLASS_METHOD : com.dft.web.HelloController.hello
2018-03-27 21:38:24,813  INFO WebLogAspect:49 - ARGS : []
2018-03-27 21:38:24,814  INFO WebLogAspect:56 - RESPONSE : Hello World
2018-03-27 21:40:18,612  INFO Application:48 - Starting Application on DFT-PC with PID 8036 (D:\idea_workspace\Springboot-Learning\springboot_4_2_4_aopweb\target\classes started by dongfuting in D:\idea_workspace\Springboot-Learning\springboot_4_2_4_aopweb)
2018-03-27 21:40:18,614 DEBUG Application:51 - Running with Spring Boot v1.5.2.RELEASE, Spring v4.3.7.RELEASE
2018-03-27 21:40:18,614  INFO Application:637 - No active profile set, falling back to default profiles: default
2018-03-27 21:40:18,644  INFO AnnotationConfigEmbeddedWebApplicationContext:582 - Refreshing org.springframework.boot.context.embedded.AnnotationConfigEmbeddedWebApplicationContext@7e0e6aa2: startup date [Tue Mar 27 21:40:18 CST 2018]; root of context hierarchy
2018-03-27 21:40:18,816  INFO Version:30 - HV000001: Hibernate Validator 5.3.4.Final
2018-03-27 21:40:19,559  INFO TomcatEmbeddedServletContainer:89 - Tomcat initialized with port(s): 8080 (http)
2018-03-27 21:40:19,628  INFO ContextLoader:276 - Root WebApplicationContext: initialization completed in 986 ms
2018-03-27 21:40:19,718  INFO ServletRegistrationBean:190 - Mapping servlet: 'dispatcherServlet' to [/]
2018-03-27 21:40:19,728  INFO FilterRegistrationBean:258 - Mapping filter: 'characterEncodingFilter' to: [/*]
2018-03-27 21:40:19,728  INFO FilterRegistrationBean:258 - Mapping filter: 'hiddenHttpMethodFilter' to: [/*]
2018-03-27 21:40:19,728  INFO FilterRegistrationBean:258 - Mapping filter: 'httpPutFormContentFilter' to: [/*]
2018-03-27 21:40:19,728  INFO FilterRegistrationBean:258 - Mapping filter: 'requestContextFilter' to: [/*]
2018-03-27 21:40:19,976  INFO RequestMappingHandlerAdapter:534 - Looking for @ControllerAdvice: org.springframework.boot.context.embedded.AnnotationConfigEmbeddedWebApplicationContext@7e0e6aa2: startup date [Tue Mar 27 21:40:18 CST 2018]; root of context hierarchy
2018-03-27 21:40:20,018  INFO RequestMappingHandlerMapping:543 - Mapped "{[/hello],methods=[GET]}" onto public java.lang.String com.dft.web.HelloController.hello()
2018-03-27 21:40:20,018  INFO RequestMappingHandlerMapping:543 - Mapped "{[/hello],methods=[POST]}" onto public java.lang.String com.dft.web.HelloController.hello(java.lang.String)
2018-03-27 21:40:20,018  INFO RequestMappingHandlerMapping:543 - Mapped "{[/error]}" onto public org.springframework.http.ResponseEntity<java.util.Map<java.lang.String, java.lang.Object>> org.springframework.boot.autoconfigure.web.BasicErrorController.error(javax.servlet.http.HttpServletRequest)
2018-03-27 21:40:20,018  INFO RequestMappingHandlerMapping:543 - Mapped "{[/error],produces=[text/html]}" onto public org.springframework.web.servlet.ModelAndView org.springframework.boot.autoconfigure.web.BasicErrorController.errorHtml(javax.servlet.http.HttpServletRequest,javax.servlet.http.HttpServletResponse)
2018-03-27 21:40:20,048  INFO SimpleUrlHandlerMapping:362 - Mapped URL path [/webjars/**] onto handler of type [class org.springframework.web.servlet.resource.ResourceHttpRequestHandler]
2018-03-27 21:40:20,048  INFO SimpleUrlHandlerMapping:362 - Mapped URL path [/**] onto handler of type [class org.springframework.web.servlet.resource.ResourceHttpRequestHandler]
2018-03-27 21:40:20,059  INFO SimpleUrlHandlerMapping:362 - Mapped URL path [/**/favicon.ico] onto handler of type [class org.springframework.web.servlet.resource.ResourceHttpRequestHandler]
2018-03-27 21:40:20,168  INFO AnnotationMBeanExporter:431 - Registering beans for JMX exposure on startup
2018-03-27 21:40:20,198  INFO TomcatEmbeddedServletContainer:198 - Tomcat started on port(s): 8080 (http)
2018-03-27 21:40:20,198  INFO Application:57 - Started Application in 1.717 seconds (JVM running for 2.285)
2018-03-27 21:40:27,781  INFO DispatcherServlet:489 - FrameworkServlet 'dispatcherServlet': initialization started
2018-03-27 21:40:27,794  INFO DispatcherServlet:508 - FrameworkServlet 'dispatcherServlet': initialization completed in 13 ms
2018-03-27 21:40:27,808  INFO WebLogAspect:44 - URL: http://localhost:8080/hello
2018-03-27 21:40:27,809  INFO WebLogAspect:45 - HTTP_METHOD : GET
2018-03-27 21:40:27,809  INFO WebLogAspect:46 - IP : 0:0:0:0:0:0:0:1
2018-03-27 21:40:27,811  INFO WebLogAspect:47 - CLASS_METHOD : com.dft.web.HelloController.hello
2018-03-27 21:40:27,811  INFO WebLogAspect:49 - ARGS : []
2018-03-27 21:40:27,814  INFO WebLogAspect:56 - RESPONSE : Hello World
2018-03-27 21:40:27,815  INFO WebLogAspect:57 - SPEND TIME: 7
2018-03-27 21:40:45,463  INFO Application:48 - Starting Application on DFT-PC with PID 12540 (D:\idea_workspace\Springboot-Learning\springboot_4_2_4_aopweb\target\classes started by dongfuting in D:\idea_workspace\Springboot-Learning\springboot_4_2_4_aopweb)
2018-03-27 21:40:45,464 DEBUG Application:51 - Running with Spring Boot v1.5.2.RELEASE, Spring v4.3.7.RELEASE
2018-03-27 21:40:45,465  INFO Application:637 - No active profile set, falling back to default profiles: default
2018-03-27 21:40:45,495  INFO AnnotationConfigEmbeddedWebApplicationContext:582 - Refreshing org.springframework.boot.context.embedded.AnnotationConfigEmbeddedWebApplicationContext@7e0e6aa2: startup date [Tue Mar 27 21:40:45 CST 2018]; root of context hierarchy
2018-03-27 21:40:45,641  INFO Version:30 - HV000001: Hibernate Validator 5.3.4.Final
2018-03-27 21:40:46,349  INFO TomcatEmbeddedServletContainer:89 - Tomcat initialized with port(s): 8080 (http)
2018-03-27 21:40:46,411  INFO ContextLoader:276 - Root WebApplicationContext: initialization completed in 918 ms
2018-03-27 21:40:46,512  INFO ServletRegistrationBean:190 - Mapping servlet: 'dispatcherServlet' to [/]
2018-03-27 21:40:46,516  INFO FilterRegistrationBean:258 - Mapping filter: 'characterEncodingFilter' to: [/*]
2018-03-27 21:40:46,516  INFO FilterRegistrationBean:258 - Mapping filter: 'hiddenHttpMethodFilter' to: [/*]
2018-03-27 21:40:46,516  INFO FilterRegistrationBean:258 - Mapping filter: 'httpPutFormContentFilter' to: [/*]
2018-03-27 21:40:46,517  INFO FilterRegistrationBean:258 - Mapping filter: 'requestContextFilter' to: [/*]
2018-03-27 21:40:46,738  INFO RequestMappingHandlerAdapter:534 - Looking for @ControllerAdvice: org.springframework.boot.context.embedded.AnnotationConfigEmbeddedWebApplicationContext@7e0e6aa2: startup date [Tue Mar 27 21:40:45 CST 2018]; root of context hierarchy
2018-03-27 21:40:46,771  INFO RequestMappingHandlerMapping:543 - Mapped "{[/hello],methods=[GET]}" onto public java.lang.String com.dft.web.HelloController.hello()
2018-03-27 21:40:46,772  INFO RequestMappingHandlerMapping:543 - Mapped "{[/hello],methods=[POST]}" onto public java.lang.String com.dft.web.HelloController.hello(java.lang.String)
2018-03-27 21:40:46,774  INFO RequestMappingHandlerMapping:543 - Mapped "{[/error]}" onto public org.springframework.http.ResponseEntity<java.util.Map<java.lang.String, java.lang.Object>> org.springframework.boot.autoconfigure.web.BasicErrorController.error(javax.servlet.http.HttpServletRequest)
2018-03-27 21:40:46,775  INFO RequestMappingHandlerMapping:543 - Mapped "{[/error],produces=[text/html]}" onto public org.springframework.web.servlet.ModelAndView org.springframework.boot.autoconfigure.web.BasicErrorController.errorHtml(javax.servlet.http.HttpServletRequest,javax.servlet.http.HttpServletResponse)
2018-03-27 21:40:46,802  INFO SimpleUrlHandlerMapping:362 - Mapped URL path [/webjars/**] onto handler of type [class org.springframework.web.servlet.resource.ResourceHttpRequestHandler]
2018-03-27 21:40:46,803  INFO SimpleUrlHandlerMapping:362 - Mapped URL path [/**] onto handler of type [class org.springframework.web.servlet.resource.ResourceHttpRequestHandler]
2018-03-27 21:40:46,828  INFO SimpleUrlHandlerMapping:362 - Mapped URL path [/**/favicon.ico] onto handler of type [class org.springframework.web.servlet.resource.ResourceHttpRequestHandler]
2018-03-27 21:40:46,932  INFO AnnotationMBeanExporter:431 - Registering beans for JMX exposure on startup
2018-03-27 21:40:46,962  INFO TomcatEmbeddedServletContainer:198 - Tomcat started on port(s): 8080 (http)
2018-03-27 21:40:46,965  INFO Application:57 - Started Application in 1.63 seconds (JVM running for 2.245)
2018-03-27 21:40:49,915  INFO DispatcherServlet:489 - FrameworkServlet 'dispatcherServlet': initialization started
2018-03-27 21:40:49,936  INFO DispatcherServlet:508 - FrameworkServlet 'dispatcherServlet': initialization completed in 20 ms
2018-03-27 21:40:49,956  INFO WebLogAspect:44 - URL: http://localhost:8080/hello
2018-03-27 21:40:49,956  INFO WebLogAspect:45 - HTTP_METHOD : GET
2018-03-27 21:40:49,956  INFO WebLogAspect:46 - IP : 0:0:0:0:0:0:0:1
2018-03-27 21:40:49,956  INFO WebLogAspect:47 - CLASS_METHOD : com.dft.web.HelloController.hello
2018-03-27 21:40:49,956  INFO WebLogAspect:49 - ARGS : []
2018-03-27 21:40:49,956  INFO WebLogAspect:56 - RESPONSE : Hello World
2018-03-27 21:40:49,956  INFO WebLogAspect:57 - SPEND TIME: 0 ms
2018-03-27 21:40:57,448  INFO WebLogAspect:44 - URL: http://localhost:8080/hello
2018-03-27 21:40:57,448  INFO WebLogAspect:45 - HTTP_METHOD : POST
2018-03-27 21:40:57,449  INFO WebLogAspect:46 - IP : 0:0:0:0:0:0:0:1
2018-03-27 21:40:57,449  INFO WebLogAspect:47 - CLASS_METHOD : com.dft.web.HelloController.hello
2018-03-27 21:40:57,450  INFO WebLogAspect:49 - ARGS : [王尼玛]
2018-03-27 21:40:57,450  INFO WebLogAspect:56 - RESPONSE : Hello 王尼玛
2018-03-27 21:40:57,450  INFO WebLogAspect:57 - SPEND TIME: 2 ms
2018-03-27 21:41:02,025  INFO WebLogAspect:44 - URL: http://localhost:8080/hello
2018-03-27 21:41:02,026  INFO WebLogAspect:45 - HTTP_METHOD : POST
2018-03-27 21:41:02,026  INFO WebLogAspect:46 - IP : 0:0:0:0:0:0:0:1
2018-03-27 21:41:02,026  INFO WebLogAspect:47 - CLASS_METHOD : com.dft.web.HelloController.hello
2018-03-27 21:41:02,027  INFO WebLogAspect:49 - ARGS : [王尼玛]
2018-03-27 21:41:02,027  INFO WebLogAspect:56 - RESPONSE : Hello 王尼玛
2018-03-27 21:41:02,027  INFO WebLogAspect:57 - SPEND TIME: 2 ms
2018-03-27 21:41:08,086  INFO WebLogAspect:44 - URL: http://localhost:8080/hello
2018-03-27 21:41:08,087  INFO WebLogAspect:45 - HTTP_METHOD : GET
2018-03-27 21:41:08,087  INFO WebLogAspect:46 - IP : 0:0:0:0:0:0:0:1
2018-03-27 21:41:08,088  INFO WebLogAspect:47 - CLASS_METHOD : com.dft.web.HelloController.hello
2018-03-27 21:41:08,089  INFO WebLogAspect:49 - ARGS : []
2018-03-27 21:41:08,089  INFO WebLogAspect:56 - RESPONSE : Hello World
2018-03-27 21:41:08,089  INFO WebLogAspect:57 - SPEND TIME: 3 ms
